{
  "RSpec": {
    "coverage": {
      "/home/lydia/Documents/group_hours_app/app/models/group_hour.rb": [
        1,
        1,
        1,
        null
      ],
      "/home/lydia/Documents/group_hours_app/app/models/application_record.rb": [
        1,
        1,
        null
      ],
      "/home/lydia/Documents/group_hours_app/spec/models/group_spec.rb": [
        1,
        null,
        1,
        1,
        5,
        null,
        null,
        1,
        1,
        1,
        null,
        null,
        1,
        1,
        1,
        1,
        null,
        null,
        1,
        1,
        1,
        null,
        null,
        1,
        1,
        1,
        null,
        null,
        1,
        1,
        1,
        null,
        null
      ],
      "/home/lydia/Documents/group_hours_app/app/models/group.rb": [
        1,
        1,
        1,
        1,
        1,
        1,
        1,
        null,
        1,
        0,
        null,
        null,
        1,
        0,
        null,
        null
      ],
      "/home/lydia/Documents/group_hours_app/app/models/concerns/blob_validator.rb": [
        1,
        1,
        54,
        null,
        2,
        2,
        0,
        0,
        0,
        0,
        null,
        null,
        null,
        2,
        null,
        null,
        null,
        1,
        null,
        1,
        2,
        null,
        2,
        null,
        0,
        null,
        0,
        null,
        2,
        null,
        0,
        null,
        null,
        null
      ],
      "/home/lydia/Documents/group_hours_app/spec/models/grouping_spec.rb": [
        1,
        null,
        1,
        1,
        7,
        7,
        null,
        null,
        1,
        1,
        1,
        null,
        null,
        1,
        1,
        1,
        1,
        null,
        null,
        1,
        1,
        1,
        null,
        null,
        1,
        1,
        1,
        null,
        null,
        1,
        1,
        1,
        null,
        null,
        1,
        1,
        1,
        null,
        null,
        1,
        1,
        1,
        null,
        null
      ],
      "/home/lydia/Documents/group_hours_app/app/models/grouping.rb": [
        1,
        1,
        1,
        1,
        1,
        1,
        null,
        1,
        0,
        null,
        null,
        null,
        1,
        0,
        null,
        null,
        null
      ],
      "/home/lydia/Documents/group_hours_app/spec/models/user_spec.rb": [
        1,
        null,
        1,
        1,
        1,
        1,
        1,
        null,
        null,
        1,
        1,
        1,
        null,
        null,
        1,
        1,
        1,
        1,
        null,
        null,
        1,
        1,
        1,
        null,
        null,
        null
      ],
      "/home/lydia/Documents/group_hours_app/app/models/user.rb": [
        1,
        1,
        1,
        1,
        1,
        1,
        null
      ],
      "/home/lydia/Documents/group_hours_app/spec/system/logins_spec.rb": [
        1,
        null,
        1,
        1,
        6,
        null,
        null,
        1,
        1,
        1,
        1,
        1,
        1,
        1,
        null,
        null,
        1,
        1,
        1,
        1,
        1,
        1,
        1,
        null,
        null,
        1,
        1,
        1,
        1,
        1,
        1,
        null,
        null,
        1,
        1,
        1,
        1,
        1,
        1,
        null,
        null,
        1,
        1,
        1,
        1,
        1,
        1,
        1,
        1,
        1,
        null,
        null,
        1,
        1,
        1,
        1,
        1,
        1,
        1,
        1,
        1,
        null,
        null
      ],
      "/home/lydia/Documents/group_hours_app/spec/system/signups_spec.rb": [
        1,
        null,
        1,
        1,
        5,
        null,
        null,
        1,
        1,
        1,
        1,
        1,
        1,
        null,
        null,
        1,
        1,
        1,
        1,
        1,
        1,
        null,
        null,
        1,
        1,
        1,
        1,
        1,
        1,
        null,
        null,
        1,
        1,
        1,
        1,
        1,
        1,
        null,
        null,
        1,
        1,
        1,
        1,
        1,
        1,
        1,
        null,
        null
      ],
      "/home/lydia/Documents/group_hours_app/app/controllers/static_pages_controller.rb": [
        1,
        1,
        13,
        null,
        0,
        null,
        null
      ],
      "/home/lydia/Documents/group_hours_app/app/controllers/application_controller.rb": [
        1,
        1,
        1,
        null,
        1,
        43,
        43,
        43,
        null,
        null,
        1,
        null,
        1,
        0,
        null,
        0,
        0,
        null,
        null
      ],
      "/home/lydia/Documents/group_hours_app/app/controllers/sessions_controller.rb": [
        1,
        1,
        null,
        1,
        6,
        6,
        4,
        4,
        4,
        null,
        2,
        2,
        null,
        null,
        null,
        1,
        2,
        2,
        2,
        null,
        null
      ],
      "/home/lydia/Documents/group_hours_app/app/controllers/users_controller.rb": [
        1,
        1,
        0,
        null,
        null,
        1,
        5,
        null,
        null,
        1,
        5,
        5,
        2,
        2,
        2,
        null,
        3,
        3,
        null,
        null,
        null,
        1,
        6,
        6,
        null,
        0,
        0,
        null,
        null,
        1,
        null,
        1,
        5,
        null,
        null
      ]
    },
    "timestamp": 1613628302
  }
}
